# JRE version: OpenJDK Runtime Environment Temurin-21.0.9+10 (21.0.9+10) (build 21.0.9+10-LTS)
# Java VM: OpenJDK 64-Bit Server VM Temurin-21.0.9+10 (21.0.9+10-LTS, mixed mode, sharing, tiered, compressed oops, compressed class ptrs, parallel gc, windows-amd64)
GC Precious Log:
 CardTable entry size: 512
 CPUs: 4 total, 4 available
 Memory: 7934M
 Large Page Support: Disabled
 NUMA Support: Disabled
 Compressed Oops: Enabled (32-bit)
 Alignments: Space 512K, Generation 512K, Heap 2M
 Heap Min Capacity: 100M
 Heap Initial Capacity: 100M
 Heap Max Capacity: 2G
 Pre-touch: Disabled
 Parallel Workers: 4
Heap:
 PSYoungGen      total 6656K, used 2433K [0x00000000d5580000, 0x00000000d5d00000, 0x0000000100000000)
  eden space 5120K, 33% used [0x00000000d5580000,0x00000000d5726cd8,0x00000000d5a80000)
  from space 1536K, 48% used [0x00000000d5a80000,0x00000000d5b39728,0x00000000d5c00000)
  to   space 1024K, 0% used [0x00000000d5c00000,0x00000000d5c00000,0x00000000d5d00000)
 ParOldGen       total 799232K, used 798786K [0x0000000080000000, 0x00000000b0c80000, 0x00000000d5580000)
  object space 799232K, 99% used [0x0000000080000000,0x00000000b0c10808,0x00000000b0c80000)
 Metaspace       used 88258K, committed 90048K, reserved 1179648K
  class space    used 10535K, committed 11328K, reserved 1048576K
GC Heap History (20 events):
Event: 122.899 GC heap before
{Heap before GC invocations=1125 (full 3):
 PSYoungGen      total 6144K, used 6115K [0x00000000d5580000, 0x00000000d6380000, 0x0000000100000000)
  eden space 5120K, 100% used [0x00000000d5580000,0x00000000d5a80000,0x00000000d5a80000)
  from space 1024K, 97% used [0x00000000d5b00000,0x00000000d5bf8d60,0x00000000d5c00000)
  to   space 4608K, 0% used [0x00000000d5f00000,0x00000000d5f00000,0x00000000d6380000)
 ParOldGen       total 792064K, used 792007K [0x0000000080000000, 0x00000000b0580000, 0x00000000d5580000)
  object space 792064K, 99% used [0x0000000080000000,0x00000000b0571ef8,0x00000000b0580000)
 Metaspace       used 85698K, committed 87424K, reserved 1179648K
  class space    used 10319K, committed 11072K, reserved 1048576K
}
Event: 122.905 GC heap after
{Heap after GC invocations=1125 (full 3):
 PSYoungGen      total 8704K, used 3316K [0x00000000d5580000, 0x00000000d6280000, 0x0000000100000000)
  eden space 5120K, 0% used [0x00000000d5580000,0x00000000d5580000,0x00000000d5a80000)
  from space 3584K, 92% used [0x00000000d5f00000,0x00000000d623d1a0,0x00000000d6280000)
  to   space 3584K, 0% used [0x00000000d5b80000,0x00000000d5b80000,0x00000000d5f00000)
 ParOldGen       total 793088K, used 792993K [0x0000000080000000, 0x00000000b0680000, 0x00000000d5580000)
  object space 793088K, 99% used [0x0000000080000000,0x00000000b0668740,0x00000000b0680000)
 Metaspace       used 85698K, committed 87424K, reserved 1179648K
  class space    used 10319K, committed 11072K, reserved 1048576K
}
Event: 125.663 GC heap before
{Heap before GC invocations=1126 (full 3):
 PSYoungGen      total 8704K, used 8436K [0x00000000d5580000, 0x00000000d6280000, 0x0000000100000000)
  eden space 5120K, 100% used [0x00000000d5580000,0x00000000d5a80000,0x00000000d5a80000)
  from space 3584K, 92% used [0x00000000d5f00000,0x00000000d623d1a0,0x00000000d6280000)
  to   space 3584K, 0% used [0x00000000d5b80000,0x00000000d5b80000,0x00000000d5f00000)
 ParOldGen       total 793088K, used 792993K [0x0000000080000000, 0x00000000b0680000, 0x00000000d5580000)
  object space 793088K, 99% used [0x0000000080000000,0x00000000b0668740,0x00000000b0680000)
 Metaspace       used 85981K, committed 87744K, reserved 1179648K
  class space    used 10335K, committed 11136K, reserved 1048576K
}
Event: 125.667 GC heap after
{Heap after GC invocations=1126 (full 3):
 PSYoungGen      total 5632K, used 384K [0x00000000d5580000, 0x00000000d5f80000, 0x0000000100000000)
  eden space 5120K, 0% used [0x00000000d5580000,0x00000000d5580000,0x00000000d5a80000)
  from space 512K, 75% used [0x00000000d5b80000,0x00000000d5be0000,0x00000000d5c00000)
  to   space 1536K, 0% used [0x00000000d5e00000,0x00000000d5e00000,0x00000000d5f80000)
 ParOldGen       total 794112K, used 793793K [0x0000000080000000, 0x00000000b0780000, 0x00000000d5580000)
  object space 794112K, 99% used [0x0000000080000000,0x00000000b0730740,0x00000000b0780000)
 Metaspace       used 85981K, committed 87744K, reserved 1179648K
  class space    used 10335K, committed 11136K, reserved 1048576K
}
Event: 125.958 GC heap before
{Heap before GC invocations=1127 (full 3):
 PSYoungGen      total 5632K, used 5503K [0x00000000d5580000, 0x00000000d5f80000, 0x0000000100000000)
  eden space 5120K, 99% used [0x00000000d5580000,0x00000000d5a7fff8,0x00000000d5a80000)
  from space 512K, 75% used [0x00000000d5b80000,0x00000000d5be0000,0x00000000d5c00000)
  to   space 1536K, 0% used [0x00000000d5e00000,0x00000000d5e00000,0x00000000d5f80000)
 ParOldGen       total 794112K, used 793793K [0x0000000080000000, 0x00000000b0780000, 0x00000000d5580000)
  object space 794112K, 99% used [0x0000000080000000,0x00000000b0730740,0x00000000b0780000)
 Metaspace       used 86686K, committed 88512K, reserved 1179648K
  class space    used 10405K, committed 11200K, reserved 1048576K
}
Event: 125.962 GC heap after
{Heap after GC invocations=1127 (full 3):
 PSYoungGen      total 5632K, used 224K [0x00000000d5580000, 0x00000000d5e80000, 0x0000000100000000)
  eden space 5120K, 0% used [0x00000000d5580000,0x00000000d5580000,0x00000000d5a80000)
  from space 512K, 43% used [0x00000000d5e00000,0x00000000d5e38020,0x00000000d5e80000)
  to   space 512K, 0% used [0x00000000d5b80000,0x00000000d5b80000,0x00000000d5c00000)
 ParOldGen       total 794112K, used 794082K [0x0000000080000000, 0x00000000b0780000, 0x00000000d5580000)
  object space 794112K, 99% used [0x0000000080000000,0x00000000b07788f0,0x00000000b0780000)
 Metaspace       used 86686K, committed 88512K, reserved 1179648K
  class space    used 10405K, committed 11200K, reserved 1048576K
}
Event: 126.826 GC heap before
{Heap before GC invocations=1128 (full 3):
 PSYoungGen      total 5632K, used 5314K [0x00000000d5580000, 0x00000000d5e80000, 0x0000000100000000)
  eden space 5120K, 99% used [0x00000000d5580000,0x00000000d5a78a90,0x00000000d5a80000)
  from space 512K, 43% used [0x00000000d5e00000,0x00000000d5e38020,0x00000000d5e80000)
  to   space 512K, 0% used [0x00000000d5b80000,0x00000000d5b80000,0x00000000d5c00000)
 ParOldGen       total 794112K, used 794082K [0x0000000080000000, 0x00000000b0780000, 0x00000000d5580000)
  object space 794112K, 99% used [0x0000000080000000,0x00000000b07788f0,0x00000000b0780000)
 Metaspace       used 87403K, committed 89216K, reserved 1179648K
  class space    used 10452K, committed 11264K, reserved 1048576K
}
Event: 126.832 GC heap after
{Heap after GC invocations=1128 (full 3):
 PSYoungGen      total 5632K, used 503K [0x00000000d5580000, 0x00000000d5e80000, 0x0000000100000000)
  eden space 5120K, 0% used [0x00000000d5580000,0x00000000d5580000,0x00000000d5a80000)
  from space 512K, 98% used [0x00000000d5b80000,0x00000000d5bfdea0,0x00000000d5c00000)
  to   space 1024K, 0% used [0x00000000d5d80000,0x00000000d5d80000,0x00000000d5e80000)
 ParOldGen       total 794624K, used 794298K [0x0000000080000000, 0x00000000b0800000, 0x00000000d5580000)
  object space 794624K, 99% used [0x0000000080000000,0x00000000b07ae920,0x00000000b0800000)
 Metaspace       used 87403K, committed 89216K, reserved 1179648K
  class space    used 10452K, committed 11264K, reserved 1048576K
}
Event: 126.995 GC heap before
{Heap before GC invocations=1129 (full 3):
 PSYoungGen      total 5632K, used 5623K [0x00000000d5580000, 0x00000000d5e80000, 0x0000000100000000)
  eden space 5120K, 99% used [0x00000000d5580000,0x00000000d5a7fff0,0x00000000d5a80000)
  from space 512K, 98% used [0x00000000d5b80000,0x00000000d5bfdea0,0x00000000d5c00000)
  to   space 1024K, 0% used [0x00000000d5d80000,0x00000000d5d80000,0x00000000d5e80000)
 ParOldGen       total 794624K, used 794298K [0x0000000080000000, 0x00000000b0800000, 0x00000000d5580000)
  object space 794624K, 99% used [0x0000000080000000,0x00000000b07ae920,0x00000000b0800000)
 Metaspace       used 87537K, committed 89344K, reserved 1179648K
  class space    used 10467K, committed 11264K, reserved 1048576K
}
Event: 127.001 GC heap after
{Heap after GC invocations=1129 (full 3):
 PSYoungGen      total 6144K, used 1010K [0x00000000d5580000, 0x00000000d5e80000, 0x0000000100000000)
  eden space 5120K, 0% used [0x00000000d5580000,0x00000000d5580000,0x00000000d5a80000)
  from space 1024K, 98% used [0x00000000d5d80000,0x00000000d5e7c918,0x00000000d5e80000)
  to   space 1536K, 0% used [0x00000000d5b80000,0x00000000d5b80000,0x00000000d5d00000)
 ParOldGen       total 795136K, used 794683K [0x0000000080000000, 0x00000000b0880000, 0x00000000d5580000)
  object space 795136K, 99% used [0x0000000080000000,0x00000000b080efd8,0x00000000b0880000)
 Metaspace       used 87537K, committed 89344K, reserved 1179648K
  class space    used 10467K, committed 11264K, reserved 1048576K
}
Event: 127.232 GC heap before
{Heap before GC invocations=1130 (full 3):
 PSYoungGen      total 6144K, used 6130K [0x00000000d5580000, 0x00000000d5e80000, 0x0000000100000000)
  eden space 5120K, 100% used [0x00000000d5580000,0x00000000d5a80000,0x00000000d5a80000)
  from space 1024K, 98% used [0x00000000d5d80000,0x00000000d5e7c918,0x00000000d5e80000)
  to   space 1536K, 0% used [0x00000000d5b80000,0x00000000d5b80000,0x00000000d5d00000)
 ParOldGen       total 795136K, used 794683K [0x0000000080000000, 0x00000000b0880000, 0x00000000d5580000)
  object space 795136K, 99% used [0x0000000080000000,0x00000000b080efd8,0x00000000b0880000)
 Metaspace       used 87600K, committed 89408K, reserved 1179648K
  class space    used 10476K, committed 11264K, reserved 1048576K
}
Event: 127.236 GC heap after
{Heap after GC invocations=1130 (full 3):
 PSYoungGen      total 6144K, used 1006K [0x00000000d5580000, 0x00000000d5e00000, 0x0000000100000000)
  eden space 5120K, 0% used [0x00000000d5580000,0x00000000d5580000,0x00000000d5a80000)
  from space 1024K, 98% used [0x00000000d5b80000,0x00000000d5c7b9d0,0x00000000d5c80000)
  to   space 1536K, 0% used [0x00000000d5c80000,0x00000000d5c80000,0x00000000d5e00000)
 ParOldGen       total 795648K, used 795606K [0x0000000080000000, 0x00000000b0900000, 0x00000000d5580000)
  object space 795648K, 99% used [0x0000000080000000,0x00000000b08f5a08,0x00000000b0900000)
 Metaspace       used 87600K, committed 89408K, reserved 1179648K
  class space    used 10476K, committed 11264K, reserved 1048576K
}
Event: 127.434 GC heap before
{Heap before GC invocations=1131 (full 3):
 PSYoungGen      total 6144K, used 6126K [0x00000000d5580000, 0x00000000d5e00000, 0x0000000100000000)
  eden space 5120K, 100% used [0x00000000d5580000,0x00000000d5a80000,0x00000000d5a80000)
  from space 1024K, 98% used [0x00000000d5b80000,0x00000000d5c7b9d0,0x00000000d5c80000)
  to   space 1536K, 0% used [0x00000000d5c80000,0x00000000d5c80000,0x00000000d5e00000)
 ParOldGen       total 795648K, used 795606K [0x0000000080000000, 0x00000000b0900000, 0x00000000d5580000)
  object space 795648K, 99% used [0x0000000080000000,0x00000000b08f5a08,0x00000000b0900000)
 Metaspace       used 87621K, committed 89408K, reserved 1179648K
  class space    used 10476K, committed 11264K, reserved 1048576K
}
Event: 127.487 GC heap after
{Heap after GC invocations=1131 (full 3):
 PSYoungGen      total 6144K, used 982K [0x00000000d5580000, 0x00000000d5d80000, 0x0000000100000000)
  eden space 5120K, 0% used [0x00000000d5580000,0x00000000d5580000,0x00000000d5a80000)
  from space 1024K, 95% used [0x00000000d5c80000,0x00000000d5d75a90,0x00000000d5d80000)
  to   space 1024K, 0% used [0x00000000d5b80000,0x00000000d5b80000,0x00000000d5c80000)
 ParOldGen       total 796672K, used 796540K [0x0000000080000000, 0x00000000b0a00000, 0x00000000d5580000)
  object space 796672K, 99% used [0x0000000080000000,0x00000000b09df018,0x00000000b0a00000)
 Metaspace       used 87621K, committed 89408K, reserved 1179648K
  class space    used 10476K, committed 11264K, reserved 1048576K
}
Event: 127.674 GC heap before
{Heap before GC invocations=1132 (full 3):
 PSYoungGen      total 6144K, used 6102K [0x00000000d5580000, 0x00000000d5d80000, 0x0000000100000000)
  eden space 5120K, 100% used [0x00000000d5580000,0x00000000d5a80000,0x00000000d5a80000)
  from space 1024K, 95% used [0x00000000d5c80000,0x00000000d5d75a90,0x00000000d5d80000)
  to   space 1024K, 0% used [0x00000000d5b80000,0x00000000d5b80000,0x00000000d5c80000)
 ParOldGen       total 796672K, used 796540K [0x0000000080000000, 0x00000000b0a00000, 0x00000000d5580000)
  object space 796672K, 99% used [0x0000000080000000,0x00000000b09df018,0x00000000b0a00000)
 Metaspace       used 87809K, committed 89664K, reserved 1179648K
  class space    used 10491K, committed 11328K, reserved 1048576K
}
Event: 127.712 GC heap after
{Heap after GC invocations=1132 (full 3):
 PSYoungGen      total 6144K, used 863K [0x00000000d5580000, 0x00000000d5d00000, 0x0000000100000000)
  eden space 5120K, 0% used [0x00000000d5580000,0x00000000d5580000,0x00000000d5a80000)
  from space 1024K, 84% used [0x00000000d5b80000,0x00000000d5c57ef8,0x00000000d5c80000)
  to   space 512K, 0% used [0x00000000d5c80000,0x00000000d5c80000,0x00000000d5d00000)
 ParOldGen       total 797696K, used 797428K [0x0000000080000000, 0x00000000b0b00000, 0x00000000d5580000)
  object space 797696K, 99% used [0x0000000080000000,0x00000000b0abd220,0x00000000b0b00000)
 Metaspace       used 87809K, committed 89664K, reserved 1179648K
  class space    used 10491K, committed 11328K, reserved 1048576K
}
Event: 127.736 GC heap before
{Heap before GC invocations=1133 (full 3):
 PSYoungGen      total 6144K, used 5983K [0x00000000d5580000, 0x00000000d5d00000, 0x0000000100000000)
  eden space 5120K, 100% used [0x00000000d5580000,0x00000000d5a80000,0x00000000d5a80000)
  from space 1024K, 84% used [0x00000000d5b80000,0x00000000d5c57ef8,0x00000000d5c80000)
  to   space 512K, 0% used [0x00000000d5c80000,0x00000000d5c80000,0x00000000d5d00000)
 ParOldGen       total 797696K, used 797428K [0x0000000080000000, 0x00000000b0b00000, 0x00000000d5580000)
  object space 797696K, 99% used [0x0000000080000000,0x00000000b0abd220,0x00000000b0b00000)
 Metaspace       used 87818K, committed 89664K, reserved 1179648K
  class space    used 10491K, committed 11328K, reserved 1048576K
}
Event: 127.738 GC heap after
{Heap after GC invocations=1133 (full 3):
 PSYoungGen      total 5632K, used 484K [0x00000000d5580000, 0x00000000d5d80000, 0x0000000100000000)
  eden space 5120K, 0% used [0x00000000d5580000,0x00000000d5580000,0x00000000d5a80000)
  from space 512K, 94% used [0x00000000d5c80000,0x00000000d5cf9210,0x00000000d5d00000)
  to   space 1536K, 0% used [0x00000000d5a80000,0x00000000d5a80000,0x00000000d5c00000)
 ParOldGen       total 798720K, used 798301K [0x0000000080000000, 0x00000000b0c00000, 0x00000000d5580000)
  object space 798720K, 99% used [0x0000000080000000,0x00000000b0b975f8,0x00000000b0c00000)
 Metaspace       used 87818K, committed 89664K, reserved 1179648K
  class space    used 10491K, committed 11328K, reserved 1048576K
}
Event: 127.836 GC heap before
{Heap before GC invocations=1134 (full 3):
 PSYoungGen      total 5632K, used 5598K [0x00000000d5580000, 0x00000000d5d80000, 0x0000000100000000)
  eden space 5120K, 99% used [0x00000000d5580000,0x00000000d5a7e830,0x00000000d5a80000)
  from space 512K, 94% used [0x00000000d5c80000,0x00000000d5cf9210,0x00000000d5d00000)
  to   space 1536K, 0% used [0x00000000d5a80000,0x00000000d5a80000,0x00000000d5c00000)
 ParOldGen       total 798720K, used 798301K [0x0000000080000000, 0x00000000b0c00000, 0x00000000d5580000)
  object space 798720K, 99% used [0x0000000080000000,0x00000000b0b975f8,0x00000000b0c00000)
 Metaspace       used 88211K, committed 89984K, reserved 1179648K
  class space    used 10529K, committed 11328K, reserved 1048576K
}
Event: 127.839 GC heap after
{Heap after GC invocations=1134 (full 3):
 PSYoungGen      total 6656K, used 741K [0x00000000d5580000, 0x00000000d5d00000, 0x0000000100000000)
  eden space 5120K, 0% used [0x00000000d5580000,0x00000000d5580000,0x00000000d5a80000)
  from space 1536K, 48% used [0x00000000d5a80000,0x00000000d5b39728,0x00000000d5c00000)
  to   space 1024K, 0% used [0x00000000d5c00000,0x00000000d5c00000,0x00000000d5d00000)
 ParOldGen       total 799232K, used 798786K [0x0000000080000000, 0x00000000b0c80000, 0x00000000d5580000)
  object space 799232K, 99% used [0x0000000080000000,0x00000000b0c10808,0x00000000b0c80000)
 Metaspace       used 88211K, committed 89984K, reserved 1179648K
  class space    used 10529K, committed 11328K, reserved 1048576K
}

