# JRE version: OpenJDK Runtime Environment Temurin-21.0.9+10 (21.0.9+10) (build 21.0.9+10-LTS)
# Java VM: OpenJDK 64-Bit Server VM Temurin-21.0.9+10 (21.0.9+10-LTS, mixed mode, sharing, tiered, compressed oops, compressed class ptrs, parallel gc, windows-amd64)
GC Precious Log:
 CardTable entry size: 512
 CPUs: 4 total, 4 available
 Memory: 7934M
 Large Page Support: Disabled
 NUMA Support: Disabled
 Compressed Oops: Enabled (32-bit)
 Alignments: Space 512K, Generation 512K, Heap 2M
 Heap Min Capacity: 100M
 Heap Initial Capacity: 100M
 Heap Max Capacity: 2G
 Pre-touch: Disabled
 Parallel Workers: 4
Heap:
 PSYoungGen      total 2048K, used 1410K [0x00000000d5580000, 0x00000000d5880000, 0x0000000100000000)
  eden space 1536K, 81% used [0x00000000d5580000,0x00000000d56b8b98,0x00000000d5700000)
  from space 512K, 31% used [0x00000000d5780000,0x00000000d57a8000,0x00000000d5800000)
  to   space 512K, 0% used [0x00000000d5800000,0x00000000d5800000,0x00000000d5880000)
 ParOldGen       total 718848K, used 718609K [0x0000000080000000, 0x00000000abe00000, 0x00000000d5580000)
  object space 718848K, 99% used [0x0000000080000000,0x00000000abdc47e8,0x00000000abe00000)
 Metaspace       used 68610K, committed 70016K, reserved 1114112K
  class space    used 7259K, committed 7872K, reserved 1048576K
GC Heap History (20 events):
Event: 98.751 GC heap before
{Heap before GC invocations=897 (full 3):
 PSYoungGen      total 2560K, used 2529K [0x00000000d5580000, 0x00000000d5c80000, 0x0000000100000000)
  eden space 2048K, 100% used [0x00000000d5580000,0x00000000d5780000,0x00000000d5780000)
  from space 512K, 93% used [0x00000000d5800000,0x00000000d5878400,0x00000000d5880000)
  to   space 2560K, 0% used [0x00000000d5a00000,0x00000000d5a00000,0x00000000d5c80000)
 ParOldGen       total 710144K, used 709904K [0x0000000080000000, 0x00000000ab580000, 0x00000000d5580000)
  object space 710144K, 99% used [0x0000000080000000,0x00000000ab544038,0x00000000ab580000)
 Metaspace       used 68188K, committed 69568K, reserved 1114112K
  class space    used 7210K, committed 7808K, reserved 1048576K
}
Event: 98.754 GC heap after
{Heap after GC invocations=897 (full 3):
 PSYoungGen      total 4096K, used 1892K [0x00000000d5580000, 0x00000000d5c00000, 0x0000000100000000)
  eden space 2048K, 0% used [0x00000000d5580000,0x00000000d5580000,0x00000000d5780000)
  from space 2048K, 92% used [0x00000000d5a00000,0x00000000d5bd90a0,0x00000000d5c00000)
  to   space 2048K, 0% used [0x00000000d5800000,0x00000000d5800000,0x00000000d5a00000)
 ParOldGen       total 710656K, used 710397K [0x0000000080000000, 0x00000000ab600000, 0x00000000d5580000)
  object space 710656K, 99% used [0x0000000080000000,0x00000000ab5bf5a8,0x00000000ab600000)
 Metaspace       used 68188K, committed 69568K, reserved 1114112K
  class space    used 7210K, committed 7808K, reserved 1048576K
}
Event: 98.775 GC heap before
{Heap before GC invocations=898 (full 3):
 PSYoungGen      total 4096K, used 3940K [0x00000000d5580000, 0x00000000d5c00000, 0x0000000100000000)
  eden space 2048K, 100% used [0x00000000d5580000,0x00000000d5780000,0x00000000d5780000)
  from space 2048K, 92% used [0x00000000d5a00000,0x00000000d5bd90a0,0x00000000d5c00000)
  to   space 2048K, 0% used [0x00000000d5800000,0x00000000d5800000,0x00000000d5a00000)
 ParOldGen       total 710656K, used 710397K [0x0000000080000000, 0x00000000ab600000, 0x00000000d5580000)
  object space 710656K, 99% used [0x0000000080000000,0x00000000ab5bf5a8,0x00000000ab600000)
 Metaspace       used 68194K, committed 69568K, reserved 1114112K
  class space    used 7210K, committed 7808K, reserved 1048576K
}
Event: 98.778 GC heap after
{Heap after GC invocations=898 (full 3):
 PSYoungGen      total 4096K, used 1888K [0x00000000d5580000, 0x00000000d5b80000, 0x0000000100000000)
  eden space 2048K, 0% used [0x00000000d5580000,0x00000000d5580000,0x00000000d5780000)
  from space 2048K, 92% used [0x00000000d5800000,0x00000000d59d8000,0x00000000d5a00000)
  to   space 1536K, 0% used [0x00000000d5a00000,0x00000000d5a00000,0x00000000d5b80000)
 ParOldGen       total 712704K, used 712257K [0x0000000080000000, 0x00000000ab800000, 0x00000000d5580000)
  object space 712704K, 99% used [0x0000000080000000,0x00000000ab790648,0x00000000ab800000)
 Metaspace       used 68194K, committed 69568K, reserved 1114112K
  class space    used 7210K, committed 7808K, reserved 1048576K
}
Event: 98.789 GC heap before
{Heap before GC invocations=899 (full 3):
 PSYoungGen      total 4096K, used 3936K [0x00000000d5580000, 0x00000000d5b80000, 0x0000000100000000)
  eden space 2048K, 100% used [0x00000000d5580000,0x00000000d5780000,0x00000000d5780000)
  from space 2048K, 92% used [0x00000000d5800000,0x00000000d59d8000,0x00000000d5a00000)
  to   space 1536K, 0% used [0x00000000d5a00000,0x00000000d5a00000,0x00000000d5b80000)
 ParOldGen       total 712704K, used 712257K [0x0000000080000000, 0x00000000ab800000, 0x00000000d5580000)
  object space 712704K, 99% used [0x0000000080000000,0x00000000ab790648,0x00000000ab800000)
 Metaspace       used 68223K, committed 69632K, reserved 1114112K
  class space    used 7214K, committed 7808K, reserved 1048576K
}
Event: 98.792 GC heap after
{Heap after GC invocations=899 (full 3):
 PSYoungGen      total 2048K, used 1536K [0x00000000d5580000, 0x00000000d5f80000, 0x0000000100000000)
  eden space 512K, 0% used [0x00000000d5580000,0x00000000d5580000,0x00000000d5600000)
  from space 1536K, 100% used [0x00000000d5a00000,0x00000000d5b80000,0x00000000d5b80000)
  to   space 4096K, 0% used [0x00000000d5600000,0x00000000d5600000,0x00000000d5a00000)
 ParOldGen       total 714752K, used 714244K [0x0000000080000000, 0x00000000aba00000, 0x00000000d5580000)
  object space 714752K, 99% used [0x0000000080000000,0x00000000ab9813d0,0x00000000aba00000)
 Metaspace       used 68223K, committed 69632K, reserved 1114112K
  class space    used 7214K, committed 7808K, reserved 1048576K
}
Event: 98.795 GC heap before
{Heap before GC invocations=900 (full 3):
 PSYoungGen      total 2048K, used 2048K [0x00000000d5580000, 0x00000000d5f80000, 0x0000000100000000)
  eden space 512K, 100% used [0x00000000d5580000,0x00000000d5600000,0x00000000d5600000)
  from space 1536K, 100% used [0x00000000d5a00000,0x00000000d5b80000,0x00000000d5b80000)
  to   space 4096K, 0% used [0x00000000d5600000,0x00000000d5600000,0x00000000d5a00000)
 ParOldGen       total 714752K, used 714244K [0x0000000080000000, 0x00000000aba00000, 0x00000000d5580000)
  object space 714752K, 99% used [0x0000000080000000,0x00000000ab9813d0,0x00000000aba00000)
 Metaspace       used 68223K, committed 69632K, reserved 1114112K
  class space    used 7214K, committed 7808K, reserved 1048576K
}
Event: 98.797 GC heap after
{Heap after GC invocations=900 (full 3):
 PSYoungGen      total 1024K, used 512K [0x00000000d5580000, 0x00000000d5a80000, 0x0000000100000000)
  eden space 512K, 0% used [0x00000000d5580000,0x00000000d5580000,0x00000000d5600000)
  from space 512K, 100% used [0x00000000d5600000,0x00000000d5680000,0x00000000d5680000)
  to   space 2048K, 0% used [0x00000000d5880000,0x00000000d5880000,0x00000000d5a80000)
 ParOldGen       total 715776K, used 715774K [0x0000000080000000, 0x00000000abb00000, 0x00000000d5580000)
  object space 715776K, 99% used [0x0000000080000000,0x00000000abaff970,0x00000000abb00000)
 Metaspace       used 68223K, committed 69632K, reserved 1114112K
  class space    used 7214K, committed 7808K, reserved 1048576K
}
Event: 98.800 GC heap before
{Heap before GC invocations=901 (full 3):
 PSYoungGen      total 1024K, used 1023K [0x00000000d5580000, 0x00000000d5a80000, 0x0000000100000000)
  eden space 512K, 99% used [0x00000000d5580000,0x00000000d55fffd8,0x00000000d5600000)
  from space 512K, 100% used [0x00000000d5600000,0x00000000d5680000,0x00000000d5680000)
  to   space 2048K, 0% used [0x00000000d5880000,0x00000000d5880000,0x00000000d5a80000)
 ParOldGen       total 715776K, used 715774K [0x0000000080000000, 0x00000000abb00000, 0x00000000d5580000)
  object space 715776K, 99% used [0x0000000080000000,0x00000000abaff970,0x00000000abb00000)
 Metaspace       used 68223K, committed 69632K, reserved 1114112K
  class space    used 7214K, committed 7808K, reserved 1048576K
}
Event: 98.802 GC heap after
{Heap after GC invocations=901 (full 3):
 PSYoungGen      total 1536K, used 512K [0x00000000d5580000, 0x00000000d5900000, 0x0000000100000000)
  eden space 1024K, 0% used [0x00000000d5580000,0x00000000d5580000,0x00000000d5680000)
  from space 512K, 100% used [0x00000000d5880000,0x00000000d5900000,0x00000000d5900000)
  to   space 1024K, 0% used [0x00000000d5700000,0x00000000d5700000,0x00000000d5800000)
 ParOldGen       total 716288K, used 716204K [0x0000000080000000, 0x00000000abb80000, 0x00000000d5580000)
  object space 716288K, 99% used [0x0000000080000000,0x00000000abb6b3e0,0x00000000abb80000)
 Metaspace       used 68223K, committed 69632K, reserved 1114112K
  class space    used 7214K, committed 7808K, reserved 1048576K
}
Event: 98.810 GC heap before
{Heap before GC invocations=902 (full 3):
 PSYoungGen      total 1536K, used 1535K [0x00000000d5580000, 0x00000000d5900000, 0x0000000100000000)
  eden space 1024K, 99% used [0x00000000d5580000,0x00000000d567ffb0,0x00000000d5680000)
  from space 512K, 100% used [0x00000000d5880000,0x00000000d5900000,0x00000000d5900000)
  to   space 1024K, 0% used [0x00000000d5700000,0x00000000d5700000,0x00000000d5800000)
 ParOldGen       total 716288K, used 716204K [0x0000000080000000, 0x00000000abb80000, 0x00000000d5580000)
  object space 716288K, 99% used [0x0000000080000000,0x00000000abb6b3e0,0x00000000abb80000)
 Metaspace       used 68225K, committed 69632K, reserved 1114112K
  class space    used 7214K, committed 7808K, reserved 1048576K
}
Event: 98.812 GC heap after
{Heap after GC invocations=902 (full 3):
 PSYoungGen      total 2560K, used 960K [0x00000000d5580000, 0x00000000d5a00000, 0x0000000100000000)
  eden space 1536K, 0% used [0x00000000d5580000,0x00000000d5580000,0x00000000d5700000)
  from space 1024K, 93% used [0x00000000d5700000,0x00000000d57f0000,0x00000000d5800000)
  to   space 1536K, 0% used [0x00000000d5880000,0x00000000d5880000,0x00000000d5a00000)
 ParOldGen       total 716800K, used 716643K [0x0000000080000000, 0x00000000abc00000, 0x00000000d5580000)
  object space 716800K, 99% used [0x0000000080000000,0x00000000abbd8ff8,0x00000000abc00000)
 Metaspace       used 68225K, committed 69632K, reserved 1114112K
  class space    used 7214K, committed 7808K, reserved 1048576K
}
Event: 98.869 GC heap before
{Heap before GC invocations=903 (full 3):
 PSYoungGen      total 2560K, used 2496K [0x00000000d5580000, 0x00000000d5a00000, 0x0000000100000000)
  eden space 1536K, 100% used [0x00000000d5580000,0x00000000d5700000,0x00000000d5700000)
  from space 1024K, 93% used [0x00000000d5700000,0x00000000d57f0000,0x00000000d5800000)
  to   space 1536K, 0% used [0x00000000d5880000,0x00000000d5880000,0x00000000d5a00000)
 ParOldGen       total 716800K, used 716643K [0x0000000080000000, 0x00000000abc00000, 0x00000000d5580000)
  object space 716800K, 99% used [0x0000000080000000,0x00000000abbd8ff8,0x00000000abc00000)
 Metaspace       used 68299K, committed 69760K, reserved 1114112K
  class space    used 7225K, committed 7872K, reserved 1048576K
}
Event: 98.872 GC heap after
{Heap after GC invocations=903 (full 3):
 PSYoungGen      total 2560K, used 711K [0x00000000d5580000, 0x00000000d5980000, 0x0000000100000000)
  eden space 1536K, 0% used [0x00000000d5580000,0x00000000d5580000,0x00000000d5700000)
  from space 1024K, 69% used [0x00000000d5880000,0x00000000d5931e90,0x00000000d5980000)
  to   space 1024K, 0% used [0x00000000d5700000,0x00000000d5700000,0x00000000d5800000)
 ParOldGen       total 717824K, used 717566K [0x0000000080000000, 0x00000000abd00000, 0x00000000d5580000)
  object space 717824K, 99% used [0x0000000080000000,0x00000000abcbf9d8,0x00000000abd00000)
 Metaspace       used 68299K, committed 69760K, reserved 1114112K
  class space    used 7225K, committed 7872K, reserved 1048576K
}
Event: 98.947 GC heap before
{Heap before GC invocations=904 (full 3):
 PSYoungGen      total 2560K, used 2247K [0x00000000d5580000, 0x00000000d5980000, 0x0000000100000000)
  eden space 1536K, 100% used [0x00000000d5580000,0x00000000d5700000,0x00000000d5700000)
  from space 1024K, 69% used [0x00000000d5880000,0x00000000d5931e90,0x00000000d5980000)
  to   space 1024K, 0% used [0x00000000d5700000,0x00000000d5700000,0x00000000d5800000)
 ParOldGen       total 717824K, used 717566K [0x0000000080000000, 0x00000000abd00000, 0x00000000d5580000)
  object space 717824K, 99% used [0x0000000080000000,0x00000000abcbf9d8,0x00000000abd00000)
 Metaspace       used 68409K, committed 69888K, reserved 1114112K
  class space    used 7237K, committed 7872K, reserved 1048576K
}
Event: 98.949 GC heap after
{Heap after GC invocations=904 (full 3):
 PSYoungGen      total 2560K, used 407K [0x00000000d5580000, 0x00000000d5900000, 0x0000000100000000)
  eden space 1536K, 0% used [0x00000000d5580000,0x00000000d5580000,0x00000000d5700000)
  from space 1024K, 39% used [0x00000000d5700000,0x00000000d5765d88,0x00000000d5800000)
  to   space 1024K, 0% used [0x00000000d5800000,0x00000000d5800000,0x00000000d5900000)
 ParOldGen       total 718336K, used 718202K [0x0000000080000000, 0x00000000abd80000, 0x00000000d5580000)
  object space 718336K, 99% used [0x0000000080000000,0x00000000abd5ea50,0x00000000abd80000)
 Metaspace       used 68409K, committed 69888K, reserved 1114112K
  class space    used 7237K, committed 7872K, reserved 1048576K
}
Event: 98.999 GC heap before
{Heap before GC invocations=905 (full 3):
 PSYoungGen      total 2560K, used 1943K [0x00000000d5580000, 0x00000000d5900000, 0x0000000100000000)
  eden space 1536K, 99% used [0x00000000d5580000,0x00000000d56fff48,0x00000000d5700000)
  from space 1024K, 39% used [0x00000000d5700000,0x00000000d5765d88,0x00000000d5800000)
  to   space 1024K, 0% used [0x00000000d5800000,0x00000000d5800000,0x00000000d5900000)
 ParOldGen       total 718336K, used 718202K [0x0000000080000000, 0x00000000abd80000, 0x00000000d5580000)
  object space 718336K, 99% used [0x0000000080000000,0x00000000abd5ea50,0x00000000abd80000)
 Metaspace       used 68510K, committed 70016K, reserved 1114112K
  class space    used 7246K, committed 7872K, reserved 1048576K
}
Event: 99.002 GC heap after
{Heap after GC invocations=905 (full 3):
 PSYoungGen      total 2048K, used 160K [0x00000000d5580000, 0x00000000d5880000, 0x0000000100000000)
  eden space 1536K, 0% used [0x00000000d5580000,0x00000000d5580000,0x00000000d5700000)
  from space 512K, 31% used [0x00000000d5800000,0x00000000d5828000,0x00000000d5880000)
  to   space 512K, 0% used [0x00000000d5780000,0x00000000d5780000,0x00000000d5800000)
 ParOldGen       total 718848K, used 718537K [0x0000000080000000, 0x00000000abe00000, 0x00000000d5580000)
  object space 718848K, 99% used [0x0000000080000000,0x00000000abdb27e8,0x00000000abe00000)
 Metaspace       used 68510K, committed 70016K, reserved 1114112K
  class space    used 7246K, committed 7872K, reserved 1048576K
}
Event: 99.616 GC heap before
{Heap before GC invocations=906 (full 3):
 PSYoungGen      total 2048K, used 1696K [0x00000000d5580000, 0x00000000d5880000, 0x0000000100000000)
  eden space 1536K, 100% used [0x00000000d5580000,0x00000000d5700000,0x00000000d5700000)
  from space 512K, 31% used [0x00000000d5800000,0x00000000d5828000,0x00000000d5880000)
  to   space 512K, 0% used [0x00000000d5780000,0x00000000d5780000,0x00000000d5800000)
 ParOldGen       total 718848K, used 718537K [0x0000000080000000, 0x00000000abe00000, 0x00000000d5580000)
  object space 718848K, 99% used [0x0000000080000000,0x00000000abdb27e8,0x00000000abe00000)
 Metaspace       used 68574K, committed 70016K, reserved 1114112K
  class space    used 7255K, committed 7872K, reserved 1048576K
}
Event: 99.620 GC heap after
{Heap after GC invocations=906 (full 3):
 PSYoungGen      total 2048K, used 160K [0x00000000d5580000, 0x00000000d5880000, 0x0000000100000000)
  eden space 1536K, 0% used [0x00000000d5580000,0x00000000d5580000,0x00000000d5700000)
  from space 512K, 31% used [0x00000000d5780000,0x00000000d57a8000,0x00000000d5800000)
  to   space 512K, 0% used [0x00000000d5800000,0x00000000d5800000,0x00000000d5880000)
 ParOldGen       total 718848K, used 718609K [0x0000000080000000, 0x00000000abe00000, 0x00000000d5580000)
  object space 718848K, 99% used [0x0000000080000000,0x00000000abdc47e8,0x00000000abe00000)
 Metaspace       used 68574K, committed 70016K, reserved 1114112K
  class space    used 7255K, committed 7872K, reserved 1048576K
}

